{"total": {"lines":{"total":228,"covered":143,"skipped":0,"pct":62.71},"statements":{"total":228,"covered":143,"skipped":0,"pct":62.71},"functions":{"total":19,"covered":16,"skipped":0,"pct":84.21},"branches":{"total":67,"covered":58,"skipped":0,"pct":86.56},"branchesTrue":{"total":0,"covered":0,"skipped":0,"pct":"Unknown"}}
,"/home/tfras/github/routeminus1/doneit/src/lib/dataApi.ts": {"lines":{"total":7,"covered":0,"skipped":0,"pct":0},"functions":{"total":1,"covered":0,"skipped":0,"pct":0},"statements":{"total":7,"covered":0,"skipped":0,"pct":0},"branches":{"total":1,"covered":0,"skipped":0,"pct":0}}
,"/home/tfras/github/routeminus1/doneit/src/lib/drivepmtiles.ts": {"lines":{"total":30,"covered":0,"skipped":0,"pct":0},"functions":{"total":1,"covered":0,"skipped":0,"pct":0},"statements":{"total":30,"covered":0,"skipped":0,"pct":0},"branches":{"total":1,"covered":0,"skipped":0,"pct":0}}
,"/home/tfras/github/routeminus1/doneit/src/lib/gpxMeta.ts": {"lines":{"total":22,"covered":22,"skipped":0,"pct":100},"functions":{"total":2,"covered":2,"skipped":0,"pct":100},"statements":{"total":22,"covered":22,"skipped":0,"pct":100},"branches":{"total":11,"covered":10,"skipped":0,"pct":90.9}}
,"/home/tfras/github/routeminus1/doneit/src/lib/gpxParser.ts": {"lines":{"total":56,"covered":56,"skipped":0,"pct":100},"functions":{"total":4,"covered":4,"skipped":0,"pct":100},"statements":{"total":56,"covered":56,"skipped":0,"pct":100},"branches":{"total":19,"covered":17,"skipped":0,"pct":89.47}}
,"/home/tfras/github/routeminus1/doneit/src/lib/localDataApi.ts": {"lines":{"total":67,"covered":65,"skipped":0,"pct":97.01},"functions":{"total":9,"covered":9,"skipped":0,"pct":100},"statements":{"total":67,"covered":65,"skipped":0,"pct":97.01},"branches":{"total":33,"covered":30,"skipped":0,"pct":90.9}}
,"/home/tfras/github/routeminus1/doneit/src/lib/spatialIndex.ts": {"lines":{"total":0,"covered":0,"skipped":0,"pct":0},"functions":{"total":1,"covered":1,"skipped":0,"pct":0},"statements":{"total":0,"covered":0,"skipped":0,"pct":0},"branches":{"total":1,"covered":1,"skipped":0,"pct":0}}
,"/home/tfras/github/routeminus1/doneit/src/lib/tileConfig.ts": {"lines":{"total":46,"covered":0,"skipped":0,"pct":0},"functions":{"total":1,"covered":0,"skipped":0,"pct":0},"statements":{"total":46,"covered":0,"skipped":0,"pct":0},"branches":{"total":1,"covered":0,"skipped":0,"pct":0}}
}
