{"meta": {"format": 3, "version": "7.14.0", "timestamp": "2026-05-17T17:04:10.171969", "branch_coverage": false, "show_contexts": false}, "files": {"pipeline.py": {"executed_lines": [7, 8, 9, 10, 11, 12, 13, 14, 15, 16, 17, 18, 20, 21, 22, 23, 25, 27, 28, 29, 30, 31, 32, 33, 34, 185, 193, 207, 220, 239, 246, 250, 258, 262, 263, 264, 265, 266, 267, 268, 269, 270, 271, 272, 273, 276, 277, 282, 290, 291, 292, 293, 294, 295, 296, 297, 300, 302, 303, 304, 305, 307, 308, 309, 310, 311, 312, 313, 314, 315, 316, 323, 340, 357, 380, 381, 382, 383, 384, 385, 392, 410, 422, 441, 458, 493, 494, 495, 496, 497, 498, 507, 516, 517, 519, 520, 521, 522, 523, 524, 525, 526, 528, 529, 530, 531, 532, 533, 534, 536, 537, 539, 540, 541, 542, 551, 560, 712, 799, 947, 968], "summary": {"covered_lines": 121, "num_statements": 544, "percent_covered": 22.24264705882353, "percent_covered_display": "22", "missing_lines": 423, "excluded_lines": 0, "percent_statements_covered": 22.24264705882353, "percent_statements_covered_display": "22"}, "missing_lines": [187, 188, 189, 190, 195, 196, 197, 198, 199, 200, 208, 209, 210, 214, 215, 216, 217, 222, 223, 224, 225, 229, 230, 231, 232, 233, 234, 235, 236, 240, 241, 242, 243, 247, 251, 259, 324, 325, 326, 327, 328, 329, 330, 331, 335, 336, 337, 341, 342, 343, 344, 345, 346, 347, 348, 349, 350, 351, 358, 359, 360, 361, 362, 363, 364, 365, 366, 367, 368, 394, 396, 397, 399, 400, 401, 402, 403, 404, 405, 406, 407, 411, 412, 413, 414, 415, 416, 417, 418, 419, 423, 424, 425, 426, 427, 428, 429, 430, 431, 432, 433, 434, 435, 436, 437, 438, 442, 443, 444, 445, 446, 447, 448, 449, 450, 451, 465, 466, 467, 468, 469, 470, 471, 472, 473, 474, 475, 476, 480, 490, 535, 575, 579, 580, 581, 582, 583, 584, 585, 586, 587, 588, 589, 590, 591, 592, 593, 594, 595, 596, 597, 598, 599, 600, 601, 605, 606, 607, 608, 609, 610, 611, 612, 613, 615, 616, 617, 618, 619, 620, 621, 623, 628, 629, 632, 633, 634, 635, 636, 637, 638, 639, 640, 642, 643, 644, 647, 648, 649, 650, 651, 652, 653, 654, 655, 656, 657, 658, 659, 660, 661, 664, 665, 666, 667, 668, 669, 670, 671, 672, 673, 674, 675, 676, 678, 679, 683, 684, 685, 686, 687, 688, 689, 690, 691, 693, 694, 695, 696, 697, 698, 699, 700, 701, 703, 705, 722, 723, 724, 726, 727, 728, 729, 731, 732, 733, 734, 735, 736, 737, 738, 739, 740, 741, 742, 743, 744, 745, 746, 747, 748, 749, 750, 751, 757, 758, 760, 761, 762, 763, 764, 765, 766, 767, 769, 770, 771, 780, 781, 782, 784, 789, 790, 809, 810, 811, 813, 814, 815, 816, 817, 818, 820, 821, 822, 823, 824, 826, 829, 830, 831, 832, 833, 834, 836, 840, 841, 842, 843, 845, 846, 847, 848, 849, 851, 852, 853, 854, 855, 856, 857, 858, 859, 860, 861, 862, 863, 864, 865, 866, 867, 868, 869, 870, 871, 872, 873, 874, 875, 876, 877, 878, 879, 880, 881, 882, 883, 884, 886, 891, 894, 895, 896, 897, 898, 900, 901, 902, 903, 904, 905, 906, 907, 908, 909, 910, 911, 912, 913, 914, 915, 916, 918, 919, 920, 921, 924, 925, 926, 927, 928, 929, 930, 931, 932, 933, 934, 935, 937, 938, 940, 941, 942, 943, 944, 949, 950, 951, 963, 964, 965, 972, 973, 974, 975, 977, 978, 979, 980, 982, 983, 984, 985, 992, 993, 995, 996, 997, 999, 1000, 1008, 1009, 1010], "excluded_lines": [], "functions": {"ensure_build_dirs": {"executed_lines": [], "summary": {"covered_lines": 0, "num_statements": 4, "percent_covered": 0.0, "percent_covered_display": "0", "missing_lines": 4, "excluded_lines": 0, "percent_statements_covered": 0.0, "percent_statements_covered_display": "0"}, "missing_lines": [187, 188, 189, 190], "excluded_lines": [], "start_line": 185}, "is_online": {"executed_lines": [], "summary": {"covered_lines": 0, "num_statements": 6, "percent_covered": 0.0, "percent_covered_display": "0", "missing_lines": 6, "excluded_lines": 0, "percent_statements_covered": 0.0, "percent_statements_covered_display": "0"}, "missing_lines": [195, 196, 197, 198, 199, 200], "excluded_lines": [], "start_line": 193}, "find_gdrive_root": {"executed_lines": [], "summary": {"covered_lines": 0, "num_statements": 7, "percent_covered": 0.0, "percent_covered_display": "0", "missing_lines": 7, "excluded_lines": 0, "percent_statements_covered": 0.0, "percent_statements_covered_display": "0"}, "missing_lines": [208, 209, 210, 214, 215, 216, 217], "excluded_lines": [], "start_line": 207}, "list_by_name": {"executed_lines": [], "summary": {"covered_lines": 0, "num_statements": 12, "percent_covered": 0.0, "percent_covered_display": "0", "missing_lines": 12, "excluded_lines": 0, "percent_statements_covered": 0.0, "percent_statements_covered_display": "0"}, "missing_lines": [222, 223, 224, 225, 229, 230, 231, 232, 233, 234, 235, 236], "excluded_lines": [], "start_line": 220}, "find_folder": {"executed_lines": [], "summary": {"covered_lines": 0, "num_statements": 4, "percent_covered": 0.0, "percent_covered_display": "0", "missing_lines": 4, "excluded_lines": 0, "percent_statements_covered": 0.0, "percent_statements_covered_display": "0"}, "missing_lines": [240, 241, 242, 243], "excluded_lines": [], "start_line": 239}, "find_folder_optional": {"executed_lines": [], "summary": {"covered_lines": 0, "num_statements": 1, "percent_covered": 0.0, "percent_covered_display": "0", "missing_lines": 1, "excluded_lines": 0, "percent_statements_covered": 0.0, "percent_statements_covered_display": "0"}, "missing_lines": [247], "excluded_lines": [], "start_line": 246}, "get_drive_id": {"executed_lines": [], "summary": {"covered_lines": 0, "num_statements": 1, "percent_covered": 0.0, "percent_covered_display": "0", "missing_lines": 1, "excluded_lines": 0, "percent_statements_covered": 0.0, "percent_statements_covered_display": "0"}, "missing_lines": [251], "excluded_lines": [], "start_line": 250}, "compute_file_md5": {"executed_lines": [], "summary": {"covered_lines": 0, "num_statements": 1, "percent_covered": 0.0, "percent_covered_display": "0", "missing_lines": 1, "excluded_lines": 0, "percent_statements_covered": 0.0, "percent_statements_covered_display": "0"}, "missing_lines": [259], "excluded_lines": [], "start_line": 258}, "load_gpx_cache": {"executed_lines": [263, 264, 265, 266, 267, 268, 269, 270, 271, 272, 273], "summary": {"covered_lines": 11, "num_statements": 11, "percent_covered": 100.0, "percent_covered_display": "100", "missing_lines": 0, "excluded_lines": 0, "percent_statements_covered": 100.0, "percent_statements_covered_display": "100"}, "missing_lines": [], "excluded_lines": [], "start_line": 262}, "save_gpx_cache": {"executed_lines": [277, 282], "summary": {"covered_lines": 2, "num_statements": 2, "percent_covered": 100.0, "percent_covered_display": "100", "missing_lines": 0, "excluded_lines": 0, "percent_statements_covered": 100.0, "percent_statements_covered_display": "100"}, "missing_lines": [], "excluded_lines": [], "start_line": 276}, "load_peaks_index": {"executed_lines": [291, 292, 293, 294, 295, 296, 297], "summary": {"covered_lines": 7, "num_statements": 7, "percent_covered": 100.0, "percent_covered_display": "100", "missing_lines": 0, "excluded_lines": 0, "percent_statements_covered": 100.0, "percent_statements_covered_display": "100"}, "missing_lines": [], "excluded_lines": [], "start_line": 290}, "save_peaks_index": {"executed_lines": [303, 304, 305, 307, 308, 309, 310, 311, 312, 313, 314, 315, 316], "summary": {"covered_lines": 13, "num_statements": 13, "percent_covered": 100.0, "percent_covered_display": "100", "missing_lines": 0, "excluded_lines": 0, "percent_statements_covered": 100.0, "percent_statements_covered_display": "100"}, "missing_lines": [], "excluded_lines": [], "start_line": 302}, "extract_gpx_metadata_batch": {"executed_lines": [], "summary": {"covered_lines": 0, "num_statements": 11, "percent_covered": 0.0, "percent_covered_display": "0", "missing_lines": 11, "excluded_lines": 0, "percent_statements_covered": 0.0, "percent_statements_covered_display": "0"}, "missing_lines": [324, 325, 326, 327, 328, 329, 330, 331, 335, 336, 337], "excluded_lines": [], "start_line": 323}, "parse_gpx_coords": {"executed_lines": [], "summary": {"covered_lines": 0, "num_statements": 11, "percent_covered": 0.0, "percent_covered_display": "0", "missing_lines": 11, "excluded_lines": 0, "percent_statements_covered": 0.0, "percent_statements_covered_display": "0"}, "missing_lines": [341, 342, 343, 344, 345, 346, 347, 348, 349, 350, 351], "excluded_lines": [], "start_line": 340}, "parse_gpx_waypoints": {"executed_lines": [], "summary": {"covered_lines": 0, "num_statements": 11, "percent_covered": 0.0, "percent_covered_display": "0", "missing_lines": 11, "excluded_lines": 0, "percent_statements_covered": 0.0, "percent_statements_covered_display": "0"}, "missing_lines": [358, 359, 360, 361, 362, 363, 364, 365, 366, 367, 368], "excluded_lines": [], "start_line": 357}, "haversine_m": {"executed_lines": [381, 382, 383, 384, 385], "summary": {"covered_lines": 5, "num_statements": 5, "percent_covered": 100.0, "percent_covered_display": "100", "missing_lines": 0, "excluded_lines": 0, "percent_statements_covered": 100.0, "percent_statements_covered_display": "100"}, "missing_lines": [], "excluded_lines": [], "start_line": 380}, "deploy_to_drive": {"executed_lines": [], "summary": {"covered_lines": 0, "num_statements": 11, "percent_covered": 0.0, "percent_covered_display": "0", "missing_lines": 11, "excluded_lines": 0, "percent_statements_covered": 0.0, "percent_statements_covered_display": "0"}, "missing_lines": [394, 396, 399, 400, 401, 402, 403, 404, 405, 406, 407], "excluded_lines": [], "start_line": 392}, "deploy_to_drive.md5": {"executed_lines": [], "summary": {"covered_lines": 0, "num_statements": 1, "percent_covered": 0.0, "percent_covered_display": "0", "missing_lines": 1, "excluded_lines": 0, "percent_statements_covered": 0.0, "percent_statements_covered_display": "0"}, "missing_lines": [397], "excluded_lines": [], "start_line": 396}, "_lookup_country": {"executed_lines": [], "summary": {"covered_lines": 0, "num_statements": 9, "percent_covered": 0.0, "percent_covered_display": "0", "missing_lines": 9, "excluded_lines": 0, "percent_statements_covered": 0.0, "percent_statements_covered_display": "0"}, "missing_lines": [411, 412, 413, 414, 415, 416, 417, 418, 419], "excluded_lines": [], "start_line": 410}, "_lookup_country_nearest": {"executed_lines": [], "summary": {"covered_lines": 0, "num_statements": 16, "percent_covered": 0.0, "percent_covered_display": "0", "missing_lines": 16, "excluded_lines": 0, "percent_statements_covered": 0.0, "percent_statements_covered_display": "0"}, "missing_lines": [423, 424, 425, 426, 427, 428, 429, 430, 431, 432, 433, 434, 435, 436, 437, 438], "excluded_lines": [], "start_line": 422}, "find_country": {"executed_lines": [], "summary": {"covered_lines": 0, "num_statements": 10, "percent_covered": 0.0, "percent_covered_display": "0", "missing_lines": 10, "excluded_lines": 0, "percent_statements_covered": 0.0, "percent_statements_covered_display": "0"}, "missing_lines": [442, 443, 444, 445, 446, 447, 448, 449, 450, 451], "excluded_lines": [], "start_line": 441}, "build_track_features": {"executed_lines": [], "summary": {"covered_lines": 0, "num_statements": 14, "percent_covered": 0.0, "percent_covered_display": "0", "missing_lines": 14, "excluded_lines": 0, "percent_statements_covered": 0.0, "percent_statements_covered_display": "0"}, "missing_lines": [465, 466, 467, 468, 469, 470, 471, 472, 473, 474, 475, 476, 480, 490], "excluded_lines": [], "start_line": 458}, "bbox_from_features": {"executed_lines": [494, 495, 496, 497, 498], "summary": {"covered_lines": 5, "num_statements": 5, "percent_covered": 100.0, "percent_covered_display": "100", "missing_lines": 0, "excluded_lines": 0, "percent_statements_covered": 100.0, "percent_statements_covered_display": "100"}, "missing_lines": [], "excluded_lines": [], "start_line": 493}, "detect_baggings_for_new_tracks": {"executed_lines": [516, 517, 519, 520, 521, 522, 523, 524, 525, 526, 528, 529, 530, 531, 532, 533, 534, 536, 537, 539, 540, 541, 542, 551], "summary": {"covered_lines": 24, "num_statements": 25, "percent_covered": 96.0, "percent_covered_display": "96", "missing_lines": 1, "excluded_lines": 0, "percent_statements_covered": 96.0, "percent_statements_covered_display": "96"}, "missing_lines": [535], "excluded_lines": [], "start_line": 507}, "run_parse_and_bag_tracks": {"executed_lines": [], "summary": {"covered_lines": 0, "num_statements": 105, "percent_covered": 0.0, "percent_covered_display": "0", "missing_lines": 105, "excluded_lines": 0, "percent_statements_covered": 0.0, "percent_statements_covered_display": "0"}, "missing_lines": [575, 579, 580, 581, 582, 583, 584, 585, 586, 587, 588, 589, 590, 591, 592, 593, 594, 595, 596, 597, 598, 599, 600, 601, 605, 606, 607, 608, 609, 610, 611, 612, 613, 615, 616, 617, 618, 619, 620, 621, 623, 628, 629, 632, 633, 634, 635, 636, 637, 638, 639, 640, 642, 643, 644, 647, 648, 649, 650, 651, 652, 653, 654, 655, 656, 657, 658, 659, 660, 661, 664, 665, 666, 667, 668, 669, 670, 671, 672, 673, 674, 675, 676, 678, 679, 683, 684, 685, 686, 687, 688, 689, 690, 691, 693, 694, 695, 696, 697, 698, 699, 700, 701, 703, 705], "excluded_lines": [], "start_line": 560}, "run_build_tracks": {"executed_lines": [], "summary": {"covered_lines": 0, "num_statements": 47, "percent_covered": 0.0, "percent_covered_display": "0", "missing_lines": 47, "excluded_lines": 0, "percent_statements_covered": 0.0, "percent_statements_covered_display": "0"}, "missing_lines": [722, 723, 724, 726, 727, 728, 729, 731, 732, 733, 734, 735, 736, 737, 738, 739, 740, 741, 742, 743, 744, 745, 746, 747, 748, 749, 750, 751, 757, 758, 760, 761, 762, 763, 764, 765, 766, 767, 769, 770, 771, 780, 781, 782, 784, 789, 790], "excluded_lines": [], "start_line": 712}, "fetch_row_geojson": {"executed_lines": [], "summary": {"covered_lines": 0, "num_statements": 69, "percent_covered": 0.0, "percent_covered_display": "0", "missing_lines": 69, "excluded_lines": 0, "percent_statements_covered": 0.0, "percent_statements_covered_display": "0"}, "missing_lines": [809, 810, 811, 813, 814, 815, 816, 817, 818, 820, 821, 822, 823, 824, 826, 829, 830, 831, 832, 833, 834, 836, 886, 891, 894, 895, 896, 897, 898, 900, 901, 902, 903, 904, 905, 906, 907, 908, 909, 910, 911, 912, 913, 914, 915, 916, 918, 919, 920, 921, 924, 925, 926, 927, 928, 929, 930, 931, 932, 933, 934, 935, 937, 938, 940, 941, 942, 943, 944], "excluded_lines": [], "start_line": 799}, "fetch_row_geojson._fetch_one": {"executed_lines": [], "summary": {"covered_lines": 0, "num_statements": 43, "percent_covered": 0.0, "percent_covered_display": "0", "missing_lines": 43, "excluded_lines": 0, "percent_statements_covered": 0.0, "percent_statements_covered_display": "0"}, "missing_lines": [840, 841, 842, 843, 845, 846, 847, 848, 849, 851, 852, 853, 854, 855, 856, 857, 858, 859, 860, 861, 862, 863, 864, 865, 866, 867, 868, 869, 870, 871, 872, 873, 874, 875, 876, 877, 878, 879, 880, 881, 882, 883, 884], "excluded_lines": [], "start_line": 836}, "run_build_row_pmtiles": {"executed_lines": [], "summary": {"covered_lines": 0, "num_statements": 6, "percent_covered": 0.0, "percent_covered_display": "0", "missing_lines": 6, "excluded_lines": 0, "percent_statements_covered": 0.0, "percent_statements_covered_display": "0"}, "missing_lines": [949, 950, 951, 963, 964, 965], "excluded_lines": [], "start_line": 947}, "run_build_peaks_pmtiles": {"executed_lines": [], "summary": {"covered_lines": 0, "num_statements": 22, "percent_covered": 0.0, "percent_covered_display": "0", "missing_lines": 22, "excluded_lines": 0, "percent_statements_covered": 0.0, "percent_statements_covered_display": "0"}, "missing_lines": [972, 973, 974, 975, 977, 978, 979, 980, 982, 983, 984, 985, 992, 993, 995, 996, 997, 999, 1000, 1008, 1009, 1010], "excluded_lines": [], "start_line": 968}, "": {"executed_lines": [7, 8, 9, 10, 11, 12, 13, 14, 15, 16, 17, 18, 20, 21, 22, 23, 25, 27, 28, 29, 30, 31, 32, 33, 34, 185, 193, 207, 220, 239, 246, 250, 258, 262, 276, 290, 300, 302, 323, 340, 357, 380, 392, 410, 422, 441, 458, 493, 507, 560, 712, 799, 947, 968], "summary": {"covered_lines": 54, "num_statements": 54, "percent_covered": 100.0, "percent_covered_display": "100", "missing_lines": 0, "excluded_lines": 0, "percent_statements_covered": 100.0, "percent_statements_covered_display": "100"}, "missing_lines": [], "excluded_lines": [], "start_line": 1}}, "classes": {"": {"executed_lines": [7, 8, 9, 10, 11, 12, 13, 14, 15, 16, 17, 18, 20, 21, 22, 23, 25, 27, 28, 29, 30, 31, 32, 33, 34, 185, 193, 207, 220, 239, 246, 250, 258, 262, 263, 264, 265, 266, 267, 268, 269, 270, 271, 272, 273, 276, 277, 282, 290, 291, 292, 293, 294, 295, 296, 297, 300, 302, 303, 304, 305, 307, 308, 309, 310, 311, 312, 313, 314, 315, 316, 323, 340, 357, 380, 381, 382, 383, 384, 385, 392, 410, 422, 441, 458, 493, 494, 495, 496, 497, 498, 507, 516, 517, 519, 520, 521, 522, 523, 524, 525, 526, 528, 529, 530, 531, 532, 533, 534, 536, 537, 539, 540, 541, 542, 551, 560, 712, 799, 947, 968], "summary": {"covered_lines": 121, "num_statements": 544, "percent_covered": 22.24264705882353, "percent_covered_display": "22", "missing_lines": 423, "excluded_lines": 0, "percent_statements_covered": 22.24264705882353, "percent_statements_covered_display": "22"}, "missing_lines": [187, 188, 189, 190, 195, 196, 197, 198, 199, 200, 208, 209, 210, 214, 215, 216, 217, 222, 223, 224, 225, 229, 230, 231, 232, 233, 234, 235, 236, 240, 241, 242, 243, 247, 251, 259, 324, 325, 326, 327, 328, 329, 330, 331, 335, 336, 337, 341, 342, 343, 344, 345, 346, 347, 348, 349, 350, 351, 358, 359, 360, 361, 362, 363, 364, 365, 366, 367, 368, 394, 396, 397, 399, 400, 401, 402, 403, 404, 405, 406, 407, 411, 412, 413, 414, 415, 416, 417, 418, 419, 423, 424, 425, 426, 427, 428, 429, 430, 431, 432, 433, 434, 435, 436, 437, 438, 442, 443, 444, 445, 446, 447, 448, 449, 450, 451, 465, 466, 467, 468, 469, 470, 471, 472, 473, 474, 475, 476, 480, 490, 535, 575, 579, 580, 581, 582, 583, 584, 585, 586, 587, 588, 589, 590, 591, 592, 593, 594, 595, 596, 597, 598, 599, 600, 601, 605, 606, 607, 608, 609, 610, 611, 612, 613, 615, 616, 617, 618, 619, 620, 621, 623, 628, 629, 632, 633, 634, 635, 636, 637, 638, 639, 640, 642, 643, 644, 647, 648, 649, 650, 651, 652, 653, 654, 655, 656, 657, 658, 659, 660, 661, 664, 665, 666, 667, 668, 669, 670, 671, 672, 673, 674, 675, 676, 678, 679, 683, 684, 685, 686, 687, 688, 689, 690, 691, 693, 694, 695, 696, 697, 698, 699, 700, 701, 703, 705, 722, 723, 724, 726, 727, 728, 729, 731, 732, 733, 734, 735, 736, 737, 738, 739, 740, 741, 742, 743, 744, 745, 746, 747, 748, 749, 750, 751, 757, 758, 760, 761, 762, 763, 764, 765, 766, 767, 769, 770, 771, 780, 781, 782, 784, 789, 790, 809, 810, 811, 813, 814, 815, 816, 817, 818, 820, 821, 822, 823, 824, 826, 829, 830, 831, 832, 833, 834, 836, 840, 841, 842, 843, 845, 846, 847, 848, 849, 851, 852, 853, 854, 855, 856, 857, 858, 859, 860, 861, 862, 863, 864, 865, 866, 867, 868, 869, 870, 871, 872, 873, 874, 875, 876, 877, 878, 879, 880, 881, 882, 883, 884, 886, 891, 894, 895, 896, 897, 898, 900, 901, 902, 903, 904, 905, 906, 907, 908, 909, 910, 911, 912, 913, 914, 915, 916, 918, 919, 920, 921, 924, 925, 926, 927, 928, 929, 930, 931, 932, 933, 934, 935, 937, 938, 940, 941, 942, 943, 944, 949, 950, 951, 963, 964, 965, 972, 973, 974, 975, 977, 978, 979, 980, 982, 983, 984, 985, 992, 993, 995, 996, 997, 999, 1000, 1008, 1009, 1010], "excluded_lines": [], "start_line": 1}}}}, "totals": {"covered_lines": 121, "num_statements": 544, "percent_covered": 22.24264705882353, "percent_covered_display": "22", "missing_lines": 423, "excluded_lines": 0, "percent_statements_covered": 22.24264705882353, "percent_statements_covered_display": "22"}}